<?xml version="1.0" encoding="UTF-8"?>
<!-- Generated by org.testng.reporters.JUnitReportReporter -->
<testsuite hostname="LAPTOP-BADH85B6" failures="0" tests="1" name="runner.TestNgRunner" time="17.163" errors="0" timestamp="2022-06-06T15:50:41 MST" skipped="0">
  <testcase classname="runner.TestNgRunner" name="runScenario" time="17.163"/>
  <system-out/>
</testsuite> <!-- runner.TestNgRunner -->
